{"C:\\Users\\margh\\Desktop\\front-end-vue\\codice\\src\\App.vue": {"path":"C:\\Users\\margh\\Desktop\\front-end-vue\\codice\\src\\App.vue","statementMap":{"0":{"start":{"line":11,"column":0},"end":{"line":11,"column":null}},"1":{"start":{"line":20,"column":0},"end":{"line":20,"column":null}}},"fnMap":{"0":{"name":"(anonymous_1)","decl":{"start":{"line":19,"column":0},"end":{"line":19,"column":null}},"loc":{"start":{"line":19,"column":0},"end":{"line":21,"column":null}}}},"branchMap":{},"s":{"0":0,"1":0},"f":{"0":0},"b":{}}
,"C:\\Users\\margh\\Desktop\\front-end-vue\\codice\\src\\components\\Navbar.vue": {"path":"C:\\Users\\margh\\Desktop\\front-end-vue\\codice\\src\\components\\Navbar.vue","statementMap":{"0":{"start":{"line":72,"column":0},"end":{"line":72,"column":null}},"1":{"start":{"line":75,"column":0},"end":{"line":75,"column":null}},"2":{"start":{"line":88,"column":0},"end":{"line":88,"column":null}},"3":{"start":{"line":93,"column":0},"end":{"line":93,"column":null}},"4":{"start":{"line":99,"column":0},"end":{"line":99,"column":null}},"5":{"start":{"line":100,"column":0},"end":{"line":100,"column":null}}},"fnMap":{"0":{"name":"(anonymous_1)","decl":{"start":{"line":74,"column":0},"end":{"line":74,"column":null}},"loc":{"start":{"line":74,"column":0},"end":{"line":84,"column":null}}},"1":{"name":"(anonymous_2)","decl":{"start":{"line":87,"column":0},"end":{"line":87,"column":null}},"loc":{"start":{"line":87,"column":0},"end":{"line":89,"column":null}}},"2":{"name":"(anonymous_3)","decl":{"start":{"line":92,"column":0},"end":{"line":92,"column":null}},"loc":{"start":{"line":92,"column":0},"end":{"line":94,"column":null}}},"3":{"name":"(anonymous_4)","decl":{"start":{"line":98,"column":0},"end":{"line":98,"column":null}},"loc":{"start":{"line":98,"column":0},"end":{"line":101,"column":null}}}},"branchMap":{"0":{"loc":{"start":{"line":100,"column":0},"end":{"line":100,"column":null}},"type":"if","locations":[{"start":{"line":100,"column":0},"end":{"line":100,"column":null}},{"start":{"line":100,"column":0},"end":{"line":100,"column":null}}]}},"s":{"0":0,"1":0,"2":0,"3":0,"4":0,"5":0},"f":{"0":0,"1":0,"2":0,"3":0},"b":{"0":[0,0]}}
,"C:\\Users\\margh\\Desktop\\front-end-vue\\codice\\src\\components\\ShowOpera.vue": {"path":"C:\\Users\\margh\\Desktop\\front-end-vue\\codice\\src\\components\\ShowOpera.vue","statementMap":{"0":{"start":{"line":134,"column":0},"end":{"line":134,"column":null}},"1":{"start":{"line":149,"column":0},"end":{"line":157,"column":null}},"2":{"start":{"line":150,"column":0},"end":{"line":150,"column":null}},"3":{"start":{"line":151,"column":0},"end":{"line":157,"column":null}},"4":{"start":{"line":152,"column":0},"end":{"line":152,"column":null}},"5":{"start":{"line":153,"column":0},"end":{"line":157,"column":null}},"6":{"start":{"line":154,"column":0},"end":{"line":154,"column":null}},"7":{"start":{"line":156,"column":0},"end":{"line":156,"column":null}}},"fnMap":{"0":{"name":"(anonymous_1)","decl":{"start":{"line":133,"column":0},"end":{"line":133,"column":null}},"loc":{"start":{"line":133,"column":0},"end":{"line":146,"column":null}}},"1":{"name":"(anonymous_2)","decl":{"start":{"line":148,"column":0},"end":{"line":148,"column":null}},"loc":{"start":{"line":148,"column":0},"end":{"line":158,"column":null}}}},"branchMap":{"0":{"loc":{"start":{"line":149,"column":0},"end":{"line":157,"column":null}},"type":"if","locations":[{"start":{"line":149,"column":0},"end":{"line":157,"column":null}},{"start":{"line":149,"column":0},"end":{"line":157,"column":null}}]},"1":{"loc":{"start":{"line":151,"column":0},"end":{"line":157,"column":null}},"type":"if","locations":[{"start":{"line":151,"column":0},"end":{"line":157,"column":null}},{"start":{"line":151,"column":0},"end":{"line":157,"column":null}}]},"2":{"loc":{"start":{"line":153,"column":0},"end":{"line":157,"column":null}},"type":"if","locations":[{"start":{"line":153,"column":0},"end":{"line":157,"column":null}},{"start":{"line":153,"column":0},"end":{"line":157,"column":null}}]}},"s":{"0":0,"1":0,"2":0,"3":0,"4":0,"5":0,"6":0,"7":0},"f":{"0":0,"1":0},"b":{"0":[0,0],"1":[0,0],"2":[0,0]}}
,"C:\\Users\\margh\\Desktop\\front-end-vue\\codice\\src\\components\\ViewOperaHome.vue": {"path":"C:\\Users\\margh\\Desktop\\front-end-vue\\codice\\src\\components\\ViewOperaHome.vue","statementMap":{"0":{"start":{"line":103,"column":0},"end":{"line":103,"column":null}},"1":{"start":{"line":118,"column":0},"end":{"line":126,"column":null}},"2":{"start":{"line":119,"column":0},"end":{"line":119,"column":null}},"3":{"start":{"line":120,"column":0},"end":{"line":126,"column":null}},"4":{"start":{"line":121,"column":0},"end":{"line":121,"column":null}},"5":{"start":{"line":122,"column":0},"end":{"line":126,"column":null}},"6":{"start":{"line":123,"column":0},"end":{"line":123,"column":null}},"7":{"start":{"line":125,"column":0},"end":{"line":125,"column":null}}},"fnMap":{"0":{"name":"(anonymous_1)","decl":{"start":{"line":102,"column":0},"end":{"line":102,"column":null}},"loc":{"start":{"line":102,"column":0},"end":{"line":115,"column":null}}},"1":{"name":"(anonymous_2)","decl":{"start":{"line":117,"column":0},"end":{"line":117,"column":null}},"loc":{"start":{"line":117,"column":0},"end":{"line":127,"column":null}}}},"branchMap":{"0":{"loc":{"start":{"line":118,"column":0},"end":{"line":126,"column":null}},"type":"if","locations":[{"start":{"line":118,"column":0},"end":{"line":126,"column":null}},{"start":{"line":118,"column":0},"end":{"line":126,"column":null}}]},"1":{"loc":{"start":{"line":120,"column":0},"end":{"line":126,"column":null}},"type":"if","locations":[{"start":{"line":120,"column":0},"end":{"line":126,"column":null}},{"start":{"line":120,"column":0},"end":{"line":126,"column":null}}]},"2":{"loc":{"start":{"line":122,"column":0},"end":{"line":126,"column":null}},"type":"if","locations":[{"start":{"line":122,"column":0},"end":{"line":126,"column":null}},{"start":{"line":122,"column":0},"end":{"line":126,"column":null}}]}},"s":{"0":0,"1":0,"2":0,"3":0,"4":0,"5":0,"6":0,"7":0},"f":{"0":0,"1":0},"b":{"0":[0,0],"1":[0,0],"2":[0,0]}}
,"C:\\Users\\margh\\Desktop\\front-end-vue\\codice\\src\\components\\editOpera.vue": {"path":"C:\\Users\\margh\\Desktop\\front-end-vue\\codice\\src\\components\\editOpera.vue","statementMap":{"0":{"start":{"line":81,"column":0},"end":{"line":81,"column":null}},"1":{"start":{"line":86,"column":0},"end":{"line":86,"column":null}},"2":{"start":{"line":93,"column":0},"end":{"line":93,"column":null}},"3":{"start":{"line":98,"column":0},"end":{"line":98,"column":null}},"4":{"start":{"line":103,"column":0},"end":{"line":103,"column":null}},"5":{"start":{"line":104,"column":0},"end":{"line":104,"column":null}},"6":{"start":{"line":108,"column":0},"end":{"line":108,"column":null}},"7":{"start":{"line":112,"column":0},"end":{"line":112,"column":null}},"8":{"start":{"line":118,"column":0},"end":{"line":118,"column":null}},"9":{"start":{"line":119,"column":0},"end":{"line":123,"column":null}},"10":{"start":{"line":120,"column":0},"end":{"line":120,"column":null}},"11":{"start":{"line":122,"column":0},"end":{"line":122,"column":null}}},"fnMap":{"0":{"name":"(anonymous_1)","decl":{"start":{"line":80,"column":0},"end":{"line":80,"column":null}},"loc":{"start":{"line":80,"column":0},"end":{"line":89,"column":null}}},"1":{"name":"(anonymous_2)","decl":{"start":{"line":86,"column":0},"end":{"line":86,"column":null}},"loc":{"start":{"line":86,"column":0},"end":{"line":86,"column":null}}},"2":{"name":"(anonymous_3)","decl":{"start":{"line":92,"column":0},"end":{"line":92,"column":null}},"loc":{"start":{"line":92,"column":0},"end":{"line":94,"column":null}}},"3":{"name":"(anonymous_4)","decl":{"start":{"line":97,"column":0},"end":{"line":97,"column":null}},"loc":{"start":{"line":97,"column":0},"end":{"line":99,"column":null}}},"4":{"name":"(anonymous_5)","decl":{"start":{"line":102,"column":0},"end":{"line":102,"column":null}},"loc":{"start":{"line":102,"column":0},"end":{"line":109,"column":null}}},"5":{"name":"(anonymous_6)","decl":{"start":{"line":111,"column":0},"end":{"line":111,"column":null}},"loc":{"start":{"line":111,"column":0},"end":{"line":124,"column":null}}}},"branchMap":{"0":{"loc":{"start":{"line":86,"column":0},"end":{"line":86,"column":null}},"type":"binary-expr","locations":[{"start":{"line":86,"column":0},"end":{"line":86,"column":null}},{"start":{"line":86,"column":0},"end":{"line":86,"column":null}}]},"1":{"loc":{"start":{"line":104,"column":0},"end":{"line":104,"column":null}},"type":"if","locations":[{"start":{"line":104,"column":0},"end":{"line":104,"column":null}},{"start":{"line":104,"column":0},"end":{"line":104,"column":null}}]},"2":{"loc":{"start":{"line":112,"column":0},"end":{"line":112,"column":null}},"type":"if","locations":[{"start":{"line":112,"column":0},"end":{"line":112,"column":null}},{"start":{"line":112,"column":0},"end":{"line":112,"column":null}}]},"3":{"loc":{"start":{"line":119,"column":0},"end":{"line":123,"column":null}},"type":"if","locations":[{"start":{"line":119,"column":0},"end":{"line":123,"column":null}},{"start":{"line":119,"column":0},"end":{"line":123,"column":null}}]}},"s":{"0":0,"1":0,"2":0,"3":0,"4":0,"5":0,"6":0,"7":0,"8":0,"9":0,"10":0,"11":0},"f":{"0":0,"1":0,"2":0,"3":0,"4":0,"5":0},"b":{"0":[0,0],"1":[0,0],"2":[0,0],"3":[0,0]}}
,"C:\\Users\\margh\\Desktop\\front-end-vue\\codice\\src\\components\\editUserData.vue": {"path":"C:\\Users\\margh\\Desktop\\front-end-vue\\codice\\src\\components\\editUserData.vue","statementMap":{"0":{"start":{"line":106,"column":0},"end":{"line":106,"column":null}},"1":{"start":{"line":125,"column":0},"end":{"line":125,"column":null}},"2":{"start":{"line":127,"column":0},"end":{"line":127,"column":null}},"3":{"start":{"line":128,"column":0},"end":{"line":128,"column":null}},"4":{"start":{"line":139,"column":0},"end":{"line":139,"column":null}},"5":{"start":{"line":145,"column":0},"end":{"line":145,"column":null}},"6":{"start":{"line":146,"column":0},"end":{"line":150,"column":null}},"7":{"start":{"line":147,"column":0},"end":{"line":147,"column":null}},"8":{"start":{"line":149,"column":0},"end":{"line":149,"column":null}},"9":{"start":{"line":153,"column":0},"end":{"line":153,"column":null}}},"fnMap":{"0":{"name":"(anonymous_1)","decl":{"start":{"line":105,"column":0},"end":{"line":105,"column":null}},"loc":{"start":{"line":105,"column":0},"end":{"line":135,"column":null}}},"1":{"name":"(anonymous_2)","decl":{"start":{"line":125,"column":0},"end":{"line":125,"column":null}},"loc":{"start":{"line":125,"column":0},"end":{"line":125,"column":null}}},"2":{"name":"(anonymous_3)","decl":{"start":{"line":126,"column":0},"end":{"line":126,"column":null}},"loc":{"start":{"line":126,"column":0},"end":{"line":132,"column":null}}},"3":{"name":"(anonymous_4)","decl":{"start":{"line":138,"column":0},"end":{"line":138,"column":null}},"loc":{"start":{"line":138,"column":0},"end":{"line":140,"column":null}}},"4":{"name":"(anonymous_5)","decl":{"start":{"line":144,"column":0},"end":{"line":144,"column":null}},"loc":{"start":{"line":144,"column":0},"end":{"line":151,"column":null}}},"5":{"name":"(anonymous_6)","decl":{"start":{"line":152,"column":0},"end":{"line":152,"column":null}},"loc":{"start":{"line":152,"column":0},"end":{"line":154,"column":null}}}},"branchMap":{"0":{"loc":{"start":{"line":125,"column":0},"end":{"line":125,"column":null}},"type":"binary-expr","locations":[{"start":{"line":125,"column":0},"end":{"line":125,"column":null}},{"start":{"line":125,"column":0},"end":{"line":125,"column":null}}]},"1":{"loc":{"start":{"line":128,"column":0},"end":{"line":128,"column":null}},"type":"binary-expr","locations":[{"start":{"line":128,"column":0},"end":{"line":128,"column":null}},{"start":{"line":128,"column":0},"end":{"line":128,"column":null}}]},"2":{"loc":{"start":{"line":146,"column":0},"end":{"line":150,"column":null}},"type":"if","locations":[{"start":{"line":146,"column":0},"end":{"line":150,"column":null}},{"start":{"line":146,"column":0},"end":{"line":150,"column":null}}]}},"s":{"0":1,"1":0,"2":0,"3":0,"4":1,"5":0,"6":0,"7":0,"8":0,"9":0},"f":{"0":1,"1":0,"2":0,"3":1,"4":0,"5":0},"b":{"0":[0,0],"1":[0,0],"2":[0,0]}}
,"C:\\Users\\margh\\Desktop\\front-end-vue\\codice\\src\\components\\editUserPassword.vue": {"path":"C:\\Users\\margh\\Desktop\\front-end-vue\\codice\\src\\components\\editUserPassword.vue","statementMap":{"0":{"start":{"line":70,"column":0},"end":{"line":70,"column":null}},"1":{"start":{"line":83,"column":0},"end":{"line":83,"column":null}},"2":{"start":{"line":85,"column":0},"end":{"line":85,"column":null}},"3":{"start":{"line":86,"column":0},"end":{"line":86,"column":null}},"4":{"start":{"line":97,"column":0},"end":{"line":97,"column":null}},"5":{"start":{"line":103,"column":0},"end":{"line":103,"column":null}},"6":{"start":{"line":104,"column":0},"end":{"line":108,"column":null}},"7":{"start":{"line":105,"column":0},"end":{"line":105,"column":null}},"8":{"start":{"line":107,"column":0},"end":{"line":107,"column":null}}},"fnMap":{"0":{"name":"(anonymous_1)","decl":{"start":{"line":69,"column":0},"end":{"line":69,"column":null}},"loc":{"start":{"line":69,"column":0},"end":{"line":93,"column":null}}},"1":{"name":"(anonymous_2)","decl":{"start":{"line":83,"column":0},"end":{"line":83,"column":null}},"loc":{"start":{"line":83,"column":0},"end":{"line":83,"column":null}}},"2":{"name":"(anonymous_3)","decl":{"start":{"line":84,"column":0},"end":{"line":84,"column":null}},"loc":{"start":{"line":84,"column":0},"end":{"line":90,"column":null}}},"3":{"name":"(anonymous_4)","decl":{"start":{"line":96,"column":0},"end":{"line":96,"column":null}},"loc":{"start":{"line":96,"column":0},"end":{"line":98,"column":null}}},"4":{"name":"(anonymous_5)","decl":{"start":{"line":102,"column":0},"end":{"line":102,"column":null}},"loc":{"start":{"line":102,"column":0},"end":{"line":109,"column":null}}}},"branchMap":{"0":{"loc":{"start":{"line":83,"column":0},"end":{"line":83,"column":null}},"type":"binary-expr","locations":[{"start":{"line":83,"column":0},"end":{"line":83,"column":null}},{"start":{"line":83,"column":0},"end":{"line":83,"column":null}}]},"1":{"loc":{"start":{"line":86,"column":0},"end":{"line":86,"column":null}},"type":"binary-expr","locations":[{"start":{"line":86,"column":0},"end":{"line":86,"column":null}},{"start":{"line":86,"column":0},"end":{"line":86,"column":null}}]},"2":{"loc":{"start":{"line":104,"column":0},"end":{"line":108,"column":null}},"type":"if","locations":[{"start":{"line":104,"column":0},"end":{"line":108,"column":null}},{"start":{"line":104,"column":0},"end":{"line":108,"column":null}}]}},"s":{"0":0,"1":0,"2":0,"3":0,"4":0,"5":0,"6":0,"7":0,"8":0},"f":{"0":0,"1":0,"2":0,"3":0,"4":0},"b":{"0":[0,0],"1":[0,0],"2":[0,0]}}
,"C:\\Users\\margh\\Desktop\\front-end-vue\\codice\\src\\plugins\\vuetify.js": {"path":"C:\\Users\\margh\\Desktop\\front-end-vue\\codice\\src\\plugins\\vuetify.js","statementMap":{"0":{"start":{"line":4,"column":0},"end":{"line":4,"column":17}}},"fnMap":{},"branchMap":{},"s":{"0":0},"f":{},"b":{},"hash":"61883095404cf210ae9a6e17f3ae64d75f7e2773"}
,"C:\\Users\\margh\\Desktop\\front-end-vue\\codice\\src\\router\\router.js": {"path":"C:\\Users\\margh\\Desktop\\front-end-vue\\codice\\src\\router\\router.js","statementMap":{"0":{"start":{"line":9,"column":0},"end":{"line":9,"column":19}},"1":{"start":{"line":11,"column":15},"end":{"line":37,"column":1}},"2":{"start":{"line":39,"column":15},"end":{"line":43,"column":2}}},"fnMap":{},"branchMap":{},"s":{"0":1,"1":1,"2":1},"f":{},"b":{},"_coverageSchema":"43e27e138ebf9cfc5966b082cf9a028302ed4184","hash":"3015e410993c3c1883cace43e7aa9f7dbe6fec3a"}
,"C:\\Users\\margh\\Desktop\\front-end-vue\\codice\\src\\store\\index.js": {"path":"C:\\Users\\margh\\Desktop\\front-end-vue\\codice\\src\\store\\index.js","statementMap":{"0":{"start":{"line":7,"column":18},"end":{"line":9,"column":2}},"1":{"start":{"line":11,"column":0},"end":{"line":11,"column":14}}},"fnMap":{},"branchMap":{},"s":{"0":1,"1":1},"f":{},"b":{},"_coverageSchema":"43e27e138ebf9cfc5966b082cf9a028302ed4184","hash":"479821e475a4400d908e91613959df1584cfc3eb"}
,"C:\\Users\\margh\\Desktop\\front-end-vue\\codice\\src\\store\\modules\\currentUser.js": {"path":"C:\\Users\\margh\\Desktop\\front-end-vue\\codice\\src\\store\\modules\\currentUser.js","statementMap":{"0":{"start":{"line":4,"column":17},"end":{"line":4,"column":53}},"1":{"start":{"line":5,"column":14},"end":{"line":5,"column":38}},"2":{"start":{"line":7,"column":14},"end":{"line":12,"column":1}},"3":{"start":{"line":13,"column":16},"end":{"line":82,"column":1}},"4":{"start":{"line":15,"column":4},"end":{"line":28,"column":9}},"5":{"start":{"line":21,"column":8},"end":{"line":21,"column":41}},"6":{"start":{"line":22,"column":8},"end":{"line":22,"column":30}},"7":{"start":{"line":23,"column":8},"end":{"line":23,"column":68}},"8":{"start":{"line":24,"column":8},"end":{"line":24,"column":25}},"9":{"start":{"line":27,"column":8},"end":{"line":27,"column":60}},"10":{"start":{"line":31,"column":4},"end":{"line":31,"column":27}},"11":{"start":{"line":32,"column":4},"end":{"line":32,"column":31}},"12":{"start":{"line":35,"column":4},"end":{"line":52,"column":9}},"13":{"start":{"line":45,"column":8},"end":{"line":45,"column":41}},"14":{"start":{"line":46,"column":8},"end":{"line":46,"column":30}},"15":{"start":{"line":47,"column":8},"end":{"line":47,"column":68}},"16":{"start":{"line":48,"column":8},"end":{"line":48,"column":25}},"17":{"start":{"line":51,"column":8},"end":{"line":51,"column":60}},"18":{"start":{"line":55,"column":14},"end":{"line":55,"column":77}},"19":{"start":{"line":56,"column":4},"end":{"line":56,"column":22}},"20":{"start":{"line":57,"column":4},"end":{"line":71,"column":8}},"21":{"start":{"line":67,"column":8},"end":{"line":67,"column":41}},"22":{"start":{"line":68,"column":8},"end":{"line":68,"column":68}},"23":{"start":{"line":70,"column":8},"end":{"line":70,"column":60}},"24":{"start":{"line":74,"column":4},"end":{"line":80,"column":6}},"25":{"start":{"line":79,"column":6},"end":{"line":79,"column":58}},"26":{"start":{"line":83,"column":18},"end":{"line":125,"column":1}},"27":{"start":{"line":85,"column":4},"end":{"line":92,"column":5}},"28":{"start":{"line":86,"column":6},"end":{"line":87,"column":66}},"29":{"start":{"line":88,"column":11},"end":{"line":92,"column":5}},"30":{"start":{"line":89,"column":6},"end":{"line":89,"column":63}},"31":{"start":{"line":90,"column":11},"end":{"line":92,"column":5}},"32":{"start":{"line":91,"column":6},"end":{"line":91,"column":35}},"33":{"start":{"line":95,"column":4},"end":{"line":101,"column":5}},"34":{"start":{"line":96,"column":6},"end":{"line":97,"column":66}},"35":{"start":{"line":98,"column":11},"end":{"line":101,"column":5}},"36":{"start":{"line":99,"column":6},"end":{"line":100,"column":69}},"37":{"start":{"line":104,"column":4},"end":{"line":113,"column":5}},"38":{"start":{"line":105,"column":6},"end":{"line":106,"column":66}},"39":{"start":{"line":107,"column":11},"end":{"line":113,"column":5}},"40":{"start":{"line":108,"column":6},"end":{"line":109,"column":69}},"41":{"start":{"line":110,"column":11},"end":{"line":113,"column":5}},"42":{"start":{"line":111,"column":6},"end":{"line":112,"column":69}},"43":{"start":{"line":116,"column":4},"end":{"line":116,"column":22}},"44":{"start":{"line":119,"column":4},"end":{"line":119,"column":26}},"45":{"start":{"line":122,"column":4},"end":{"line":122,"column":27}},"46":{"start":{"line":123,"column":4},"end":{"line":123,"column":22}},"47":{"start":{"line":126,"column":16},"end":{"line":142,"column":1}},"48":{"start":{"line":128,"column":4},"end":{"line":128,"column":20}},"49":{"start":{"line":131,"column":4},"end":{"line":131,"column":26}},"50":{"start":{"line":134,"column":4},"end":{"line":134,"column":33}},"51":{"start":{"line":137,"column":4},"end":{"line":137,"column":33}},"52":{"start":{"line":140,"column":4},"end":{"line":140,"column":22}}},"fnMap":{"0":{"name":"(anonymous_0)","decl":{"start":{"line":14,"column":2},"end":{"line":14,"column":3}},"loc":{"start":{"line":14,"column":30},"end":{"line":29,"column":3}},"line":14},"1":{"name":"(anonymous_1)","decl":{"start":{"line":20,"column":12},"end":{"line":20,"column":13}},"loc":{"start":{"line":20,"column":24},"end":{"line":25,"column":7}},"line":20},"2":{"name":"(anonymous_2)","decl":{"start":{"line":26,"column":13},"end":{"line":26,"column":14}},"loc":{"start":{"line":26,"column":22},"end":{"line":28,"column":7}},"line":26},"3":{"name":"(anonymous_3)","decl":{"start":{"line":30,"column":2},"end":{"line":30,"column":3}},"loc":{"start":{"line":30,"column":21},"end":{"line":33,"column":3}},"line":30},"4":{"name":"(anonymous_4)","decl":{"start":{"line":34,"column":2},"end":{"line":34,"column":3}},"loc":{"start":{"line":34,"column":27},"end":{"line":53,"column":3}},"line":34},"5":{"name":"(anonymous_5)","decl":{"start":{"line":44,"column":12},"end":{"line":44,"column":13}},"loc":{"start":{"line":44,"column":24},"end":{"line":49,"column":7}},"line":44},"6":{"name":"(anonymous_6)","decl":{"start":{"line":50,"column":13},"end":{"line":50,"column":14}},"loc":{"start":{"line":50,"column":22},"end":{"line":52,"column":7}},"line":50},"7":{"name":"(anonymous_7)","decl":{"start":{"line":54,"column":2},"end":{"line":54,"column":3}},"loc":{"start":{"line":54,"column":31},"end":{"line":72,"column":3}},"line":54},"8":{"name":"(anonymous_8)","decl":{"start":{"line":66,"column":12},"end":{"line":66,"column":13}},"loc":{"start":{"line":66,"column":24},"end":{"line":69,"column":7}},"line":66},"9":{"name":"(anonymous_9)","decl":{"start":{"line":69,"column":15},"end":{"line":69,"column":16}},"loc":{"start":{"line":69,"column":23},"end":{"line":71,"column":7}},"line":69},"10":{"name":"(anonymous_10)","decl":{"start":{"line":73,"column":2},"end":{"line":73,"column":3}},"loc":{"start":{"line":73,"column":27},"end":{"line":81,"column":3}},"line":73},"11":{"name":"(anonymous_11)","decl":{"start":{"line":78,"column":13},"end":{"line":78,"column":14}},"loc":{"start":{"line":78,"column":21},"end":{"line":80,"column":5}},"line":78},"12":{"name":"(anonymous_12)","decl":{"start":{"line":84,"column":2},"end":{"line":84,"column":3}},"loc":{"start":{"line":84,"column":35},"end":{"line":93,"column":3}},"line":84},"13":{"name":"(anonymous_13)","decl":{"start":{"line":94,"column":2},"end":{"line":94,"column":3}},"loc":{"start":{"line":94,"column":35},"end":{"line":102,"column":3}},"line":94},"14":{"name":"(anonymous_14)","decl":{"start":{"line":103,"column":2},"end":{"line":103,"column":3}},"loc":{"start":{"line":103,"column":35},"end":{"line":114,"column":3}},"line":103},"15":{"name":"(anonymous_15)","decl":{"start":{"line":115,"column":2},"end":{"line":115,"column":3}},"loc":{"start":{"line":115,"column":23},"end":{"line":117,"column":3}},"line":115},"16":{"name":"(anonymous_16)","decl":{"start":{"line":118,"column":2},"end":{"line":118,"column":3}},"loc":{"start":{"line":118,"column":21},"end":{"line":120,"column":3}},"line":118},"17":{"name":"(anonymous_17)","decl":{"start":{"line":121,"column":2},"end":{"line":121,"column":3}},"loc":{"start":{"line":121,"column":22},"end":{"line":124,"column":3}},"line":121},"18":{"name":"(anonymous_18)","decl":{"start":{"line":127,"column":18},"end":{"line":127,"column":19}},"loc":{"start":{"line":127,"column":49},"end":{"line":129,"column":3}},"line":127},"19":{"name":"(anonymous_19)","decl":{"start":{"line":130,"column":19},"end":{"line":130,"column":20}},"loc":{"start":{"line":130,"column":28},"end":{"line":132,"column":3}},"line":130},"20":{"name":"(anonymous_20)","decl":{"start":{"line":133,"column":19},"end":{"line":133,"column":20}},"loc":{"start":{"line":133,"column":28},"end":{"line":135,"column":3}},"line":133},"21":{"name":"(anonymous_21)","decl":{"start":{"line":136,"column":19},"end":{"line":136,"column":20}},"loc":{"start":{"line":136,"column":28},"end":{"line":138,"column":3}},"line":136},"22":{"name":"(anonymous_22)","decl":{"start":{"line":139,"column":8},"end":{"line":139,"column":9}},"loc":{"start":{"line":139,"column":17},"end":{"line":141,"column":3}},"line":139}},"branchMap":{"0":{"loc":{"start":{"line":85,"column":4},"end":{"line":92,"column":5}},"type":"if","locations":[{"start":{"line":85,"column":4},"end":{"line":92,"column":5}},{"start":{"line":85,"column":4},"end":{"line":92,"column":5}}],"line":85},"1":{"loc":{"start":{"line":88,"column":11},"end":{"line":92,"column":5}},"type":"if","locations":[{"start":{"line":88,"column":11},"end":{"line":92,"column":5}},{"start":{"line":88,"column":11},"end":{"line":92,"column":5}}],"line":88},"2":{"loc":{"start":{"line":90,"column":11},"end":{"line":92,"column":5}},"type":"if","locations":[{"start":{"line":90,"column":11},"end":{"line":92,"column":5}},{"start":{"line":90,"column":11},"end":{"line":92,"column":5}}],"line":90},"3":{"loc":{"start":{"line":95,"column":4},"end":{"line":101,"column":5}},"type":"if","locations":[{"start":{"line":95,"column":4},"end":{"line":101,"column":5}},{"start":{"line":95,"column":4},"end":{"line":101,"column":5}}],"line":95},"4":{"loc":{"start":{"line":98,"column":11},"end":{"line":101,"column":5}},"type":"if","locations":[{"start":{"line":98,"column":11},"end":{"line":101,"column":5}},{"start":{"line":98,"column":11},"end":{"line":101,"column":5}}],"line":98},"5":{"loc":{"start":{"line":104,"column":4},"end":{"line":113,"column":5}},"type":"if","locations":[{"start":{"line":104,"column":4},"end":{"line":113,"column":5}},{"start":{"line":104,"column":4},"end":{"line":113,"column":5}}],"line":104},"6":{"loc":{"start":{"line":107,"column":11},"end":{"line":113,"column":5}},"type":"if","locations":[{"start":{"line":107,"column":11},"end":{"line":113,"column":5}},{"start":{"line":107,"column":11},"end":{"line":113,"column":5}}],"line":107},"7":{"loc":{"start":{"line":110,"column":11},"end":{"line":113,"column":5}},"type":"if","locations":[{"start":{"line":110,"column":11},"end":{"line":113,"column":5}},{"start":{"line":110,"column":11},"end":{"line":113,"column":5}}],"line":110}},"s":{"0":1,"1":1,"2":1,"3":1,"4":0,"5":0,"6":0,"7":0,"8":0,"9":0,"10":0,"11":0,"12":0,"13":0,"14":0,"15":0,"16":0,"17":0,"18":0,"19":0,"20":0,"21":0,"22":0,"23":0,"24":0,"25":0,"26":1,"27":0,"28":0,"29":0,"30":0,"31":0,"32":0,"33":0,"34":0,"35":0,"36":0,"37":0,"38":0,"39":0,"40":0,"41":0,"42":0,"43":0,"44":0,"45":0,"46":0,"47":1,"48":0,"49":0,"50":1,"51":0,"52":1},"f":{"0":0,"1":0,"2":0,"3":0,"4":0,"5":0,"6":0,"7":0,"8":0,"9":0,"10":0,"11":0,"12":0,"13":0,"14":0,"15":0,"16":0,"17":0,"18":0,"19":0,"20":1,"21":0,"22":1},"b":{"0":[0,0],"1":[0,0],"2":[0,0],"3":[0,0],"4":[0,0],"5":[0,0],"6":[0,0],"7":[0,0]},"_coverageSchema":"43e27e138ebf9cfc5966b082cf9a028302ed4184","hash":"9ba128fd9543cae8304037e177a283760ac71400"}
,"C:\\Users\\margh\\Desktop\\front-end-vue\\codice\\src\\store\\modules\\nftService.js": {"path":"C:\\Users\\margh\\Desktop\\front-end-vue\\codice\\src\\store\\modules\\nftService.js","statementMap":{"0":{"start":{"line":4,"column":17},"end":{"line":4,"column":52}},"1":{"start":{"line":5,"column":14},"end":{"line":5,"column":38}},"2":{"start":{"line":6,"column":15},"end":{"line":6,"column":33}},"3":{"start":{"line":8,"column":14},"end":{"line":14,"column":1}},"4":{"start":{"line":15,"column":16},"end":{"line":69,"column":1}},"5":{"start":{"line":18,"column":6},"end":{"line":18,"column":73}},"6":{"start":{"line":19,"column":4},"end":{"line":21,"column":7}},"7":{"start":{"line":20,"column":6},"end":{"line":20,"column":41}},"8":{"start":{"line":24,"column":4},"end":{"line":26,"column":7}},"9":{"start":{"line":25,"column":6},"end":{"line":25,"column":45}},"10":{"start":{"line":29,"column":4},"end":{"line":31,"column":7}},"11":{"start":{"line":30,"column":6},"end":{"line":30,"column":45}},"12":{"start":{"line":35,"column":6},"end":{"line":35,"column":73}},"13":{"start":{"line":36,"column":4},"end":{"line":44,"column":9}},"14":{"start":{"line":39,"column":8},"end":{"line":39,"column":42}},"15":{"start":{"line":40,"column":8},"end":{"line":40,"column":25}},"16":{"start":{"line":43,"column":8},"end":{"line":43,"column":53}},"17":{"start":{"line":48,"column":6},"end":{"line":48,"column":73}},"18":{"start":{"line":49,"column":4},"end":{"line":67,"column":9}},"19":{"start":{"line":63,"column":8},"end":{"line":63,"column":42}},"20":{"start":{"line":66,"column":8},"end":{"line":66,"column":53}},"21":{"start":{"line":70,"column":18},"end":{"line":90,"column":1}},"22":{"start":{"line":72,"column":4},"end":{"line":72,"column":24}},"23":{"start":{"line":75,"column":4},"end":{"line":75,"column":33}},"24":{"start":{"line":78,"column":4},"end":{"line":78,"column":28}},"25":{"start":{"line":81,"column":4},"end":{"line":81,"column":23}},"26":{"start":{"line":84,"column":4},"end":{"line":88,"column":5}},"27":{"start":{"line":85,"column":6},"end":{"line":85,"column":67}},"28":{"start":{"line":86,"column":11},"end":{"line":88,"column":5}},"29":{"start":{"line":87,"column":6},"end":{"line":87,"column":53}},"30":{"start":{"line":91,"column":16},"end":{"line":107,"column":1}},"31":{"start":{"line":93,"column":4},"end":{"line":93,"column":24}},"32":{"start":{"line":96,"column":4},"end":{"line":96,"column":33}},"33":{"start":{"line":99,"column":4},"end":{"line":99,"column":28}},"34":{"start":{"line":102,"column":4},"end":{"line":102,"column":23}},"35":{"start":{"line":105,"column":4},"end":{"line":105,"column":35}}},"fnMap":{"0":{"name":"(anonymous_0)","decl":{"start":{"line":16,"column":2},"end":{"line":16,"column":3}},"loc":{"start":{"line":16,"column":25},"end":{"line":22,"column":3}},"line":16},"1":{"name":"(anonymous_1)","decl":{"start":{"line":19,"column":34},"end":{"line":19,"column":35}},"loc":{"start":{"line":19,"column":46},"end":{"line":21,"column":5}},"line":19},"2":{"name":"(anonymous_2)","decl":{"start":{"line":23,"column":2},"end":{"line":23,"column":3}},"loc":{"start":{"line":23,"column":28},"end":{"line":27,"column":3}},"line":23},"3":{"name":"(anonymous_3)","decl":{"start":{"line":24,"column":54},"end":{"line":24,"column":55}},"loc":{"start":{"line":24,"column":66},"end":{"line":26,"column":5}},"line":24},"4":{"name":"(anonymous_4)","decl":{"start":{"line":28,"column":2},"end":{"line":28,"column":3}},"loc":{"start":{"line":28,"column":28},"end":{"line":32,"column":3}},"line":28},"5":{"name":"(anonymous_5)","decl":{"start":{"line":29,"column":47},"end":{"line":29,"column":48}},"loc":{"start":{"line":29,"column":59},"end":{"line":31,"column":5}},"line":29},"6":{"name":"(anonymous_6)","decl":{"start":{"line":33,"column":2},"end":{"line":33,"column":3}},"loc":{"start":{"line":33,"column":33},"end":{"line":45,"column":3}},"line":33},"7":{"name":"(anonymous_7)","decl":{"start":{"line":38,"column":12},"end":{"line":38,"column":13}},"loc":{"start":{"line":38,"column":24},"end":{"line":41,"column":7}},"line":38},"8":{"name":"(anonymous_8)","decl":{"start":{"line":42,"column":13},"end":{"line":42,"column":14}},"loc":{"start":{"line":42,"column":22},"end":{"line":44,"column":7}},"line":42},"9":{"name":"(anonymous_9)","decl":{"start":{"line":46,"column":2},"end":{"line":46,"column":3}},"loc":{"start":{"line":46,"column":33},"end":{"line":68,"column":3}},"line":46},"10":{"name":"(anonymous_10)","decl":{"start":{"line":62,"column":12},"end":{"line":62,"column":13}},"loc":{"start":{"line":62,"column":24},"end":{"line":64,"column":7}},"line":62},"11":{"name":"(anonymous_11)","decl":{"start":{"line":65,"column":13},"end":{"line":65,"column":14}},"loc":{"start":{"line":65,"column":22},"end":{"line":67,"column":7}},"line":65},"12":{"name":"(anonymous_12)","decl":{"start":{"line":71,"column":2},"end":{"line":71,"column":3}},"loc":{"start":{"line":71,"column":25},"end":{"line":73,"column":3}},"line":71},"13":{"name":"(anonymous_13)","decl":{"start":{"line":74,"column":2},"end":{"line":74,"column":3}},"loc":{"start":{"line":74,"column":29},"end":{"line":76,"column":3}},"line":74},"14":{"name":"(anonymous_14)","decl":{"start":{"line":77,"column":2},"end":{"line":77,"column":3}},"loc":{"start":{"line":77,"column":29},"end":{"line":79,"column":3}},"line":77},"15":{"name":"(anonymous_15)","decl":{"start":{"line":80,"column":2},"end":{"line":80,"column":3}},"loc":{"start":{"line":80,"column":24},"end":{"line":82,"column":3}},"line":80},"16":{"name":"(anonymous_16)","decl":{"start":{"line":83,"column":2},"end":{"line":83,"column":3}},"loc":{"start":{"line":83,"column":30},"end":{"line":89,"column":3}},"line":83},"17":{"name":"(anonymous_17)","decl":{"start":{"line":92,"column":10},"end":{"line":92,"column":11}},"loc":{"start":{"line":92,"column":19},"end":{"line":94,"column":3}},"line":92},"18":{"name":"(anonymous_18)","decl":{"start":{"line":95,"column":14},"end":{"line":95,"column":15}},"loc":{"start":{"line":95,"column":23},"end":{"line":97,"column":3}},"line":95},"19":{"name":"(anonymous_19)","decl":{"start":{"line":98,"column":14},"end":{"line":98,"column":15}},"loc":{"start":{"line":98,"column":23},"end":{"line":100,"column":3}},"line":98},"20":{"name":"(anonymous_20)","decl":{"start":{"line":101,"column":9},"end":{"line":101,"column":10}},"loc":{"start":{"line":101,"column":18},"end":{"line":103,"column":3}},"line":101},"21":{"name":"(anonymous_21)","decl":{"start":{"line":104,"column":21},"end":{"line":104,"column":22}},"loc":{"start":{"line":104,"column":30},"end":{"line":106,"column":3}},"line":104}},"branchMap":{"0":{"loc":{"start":{"line":84,"column":4},"end":{"line":88,"column":5}},"type":"if","locations":[{"start":{"line":84,"column":4},"end":{"line":88,"column":5}},{"start":{"line":84,"column":4},"end":{"line":88,"column":5}}],"line":84},"1":{"loc":{"start":{"line":86,"column":11},"end":{"line":88,"column":5}},"type":"if","locations":[{"start":{"line":86,"column":11},"end":{"line":88,"column":5}},{"start":{"line":86,"column":11},"end":{"line":88,"column":5}}],"line":86}},"s":{"0":1,"1":1,"2":1,"3":1,"4":1,"5":0,"6":0,"7":0,"8":0,"9":0,"10":0,"11":0,"12":0,"13":0,"14":0,"15":0,"16":0,"17":0,"18":0,"19":0,"20":0,"21":1,"22":0,"23":0,"24":0,"25":0,"26":0,"27":0,"28":0,"29":0,"30":1,"31":0,"32":0,"33":0,"34":0,"35":0},"f":{"0":0,"1":0,"2":0,"3":0,"4":0,"5":0,"6":0,"7":0,"8":0,"9":0,"10":0,"11":0,"12":0,"13":0,"14":0,"15":0,"16":0,"17":0,"18":0,"19":0,"20":0,"21":0},"b":{"0":[0,0],"1":[0,0]},"_coverageSchema":"43e27e138ebf9cfc5966b082cf9a028302ed4184","hash":"0fdf417ae4f2e480cd2aab3f96be445b028bf3a0"}
,"C:\\Users\\margh\\Desktop\\front-end-vue\\codice\\src\\view\\Home.vue": {"path":"C:\\Users\\margh\\Desktop\\front-end-vue\\codice\\src\\view\\Home.vue","statementMap":{"0":{"start":{"line":91,"column":0},"end":{"line":91,"column":null}},"1":{"start":{"line":98,"column":0},"end":{"line":98,"column":null}},"2":{"start":{"line":118,"column":0},"end":{"line":118,"column":null}},"3":{"start":{"line":123,"column":0},"end":{"line":123,"column":null}},"4":{"start":{"line":128,"column":0},"end":{"line":128,"column":null}},"5":{"start":{"line":129,"column":0},"end":{"line":129,"column":null}},"6":{"start":{"line":130,"column":0},"end":{"line":130,"column":null}},"7":{"start":{"line":131,"column":0},"end":{"line":145,"column":null}},"8":{"start":{"line":132,"column":0},"end":{"line":142,"column":null}},"9":{"start":{"line":132,"column":0},"end":{"line":132,"column":null}},"10":{"start":{"line":133,"column":0},"end":{"line":141,"column":null}},"11":{"start":{"line":133,"column":0},"end":{"line":133,"column":null}},"12":{"start":{"line":134,"column":0},"end":{"line":140,"column":null}},"13":{"start":{"line":134,"column":0},"end":{"line":134,"column":null}},"14":{"start":{"line":135,"column":0},"end":{"line":139,"column":null}},"15":{"start":{"line":138,"column":0},"end":{"line":138,"column":null}},"16":{"start":{"line":144,"column":0},"end":{"line":144,"column":null}},"17":{"start":{"line":146,"column":0},"end":{"line":146,"column":null}},"18":{"start":{"line":147,"column":0},"end":{"line":147,"column":null}},"19":{"start":{"line":148,"column":0},"end":{"line":148,"column":null}},"20":{"start":{"line":149,"column":0},"end":{"line":149,"column":null}},"21":{"start":{"line":155,"column":0},"end":{"line":163,"column":null}},"22":{"start":{"line":156,"column":0},"end":{"line":156,"column":null}},"23":{"start":{"line":157,"column":0},"end":{"line":163,"column":null}},"24":{"start":{"line":158,"column":0},"end":{"line":158,"column":null}},"25":{"start":{"line":159,"column":0},"end":{"line":163,"column":null}},"26":{"start":{"line":160,"column":0},"end":{"line":160,"column":null}},"27":{"start":{"line":162,"column":0},"end":{"line":162,"column":null}},"28":{"start":{"line":167,"column":0},"end":{"line":167,"column":null}},"29":{"start":{"line":168,"column":0},"end":{"line":168,"column":null}}},"fnMap":{"0":{"name":"(anonymous_1)","decl":{"start":{"line":97,"column":0},"end":{"line":97,"column":null}},"loc":{"start":{"line":97,"column":0},"end":{"line":114,"column":null}}},"1":{"name":"(anonymous_2)","decl":{"start":{"line":117,"column":0},"end":{"line":117,"column":null}},"loc":{"start":{"line":117,"column":0},"end":{"line":119,"column":null}}},"2":{"name":"(anonymous_3)","decl":{"start":{"line":122,"column":0},"end":{"line":122,"column":null}},"loc":{"start":{"line":122,"column":0},"end":{"line":124,"column":null}}},"3":{"name":"(anonymous_4)","decl":{"start":{"line":127,"column":0},"end":{"line":127,"column":null}},"loc":{"start":{"line":127,"column":0},"end":{"line":150,"column":null}}},"4":{"name":"(anonymous_5)","decl":{"start":{"line":154,"column":0},"end":{"line":154,"column":null}},"loc":{"start":{"line":154,"column":0},"end":{"line":164,"column":null}}},"5":{"name":"(anonymous_6)","decl":{"start":{"line":166,"column":0},"end":{"line":166,"column":null}},"loc":{"start":{"line":166,"column":0},"end":{"line":169,"column":null}}}},"branchMap":{"0":{"loc":{"start":{"line":131,"column":0},"end":{"line":145,"column":null}},"type":"if","locations":[{"start":{"line":131,"column":0},"end":{"line":145,"column":null}},{"start":{"line":131,"column":0},"end":{"line":145,"column":null}}]},"1":{"loc":{"start":{"line":135,"column":0},"end":{"line":139,"column":null}},"type":"if","locations":[{"start":{"line":135,"column":0},"end":{"line":139,"column":null}},{"start":{"line":135,"column":0},"end":{"line":139,"column":null}}]},"2":{"loc":{"start":{"line":155,"column":0},"end":{"line":163,"column":null}},"type":"if","locations":[{"start":{"line":155,"column":0},"end":{"line":163,"column":null}},{"start":{"line":155,"column":0},"end":{"line":163,"column":null}}]},"3":{"loc":{"start":{"line":157,"column":0},"end":{"line":163,"column":null}},"type":"if","locations":[{"start":{"line":157,"column":0},"end":{"line":163,"column":null}},{"start":{"line":157,"column":0},"end":{"line":163,"column":null}}]},"4":{"loc":{"start":{"line":159,"column":0},"end":{"line":163,"column":null}},"type":"if","locations":[{"start":{"line":159,"column":0},"end":{"line":163,"column":null}},{"start":{"line":159,"column":0},"end":{"line":163,"column":null}}]}},"s":{"0":1,"1":0,"2":0,"3":0,"4":0,"5":0,"6":0,"7":0,"8":0,"9":0,"10":0,"11":0,"12":0,"13":0,"14":0,"15":0,"16":0,"17":0,"18":0,"19":0,"20":0,"21":0,"22":0,"23":0,"24":0,"25":0,"26":0,"27":0,"28":0,"29":0},"f":{"0":0,"1":0,"2":0,"3":0,"4":0,"5":0},"b":{"0":[0,0],"1":[0,0],"2":[0,0],"3":[0,0],"4":[0,0]}}
,"C:\\Users\\margh\\Desktop\\front-end-vue\\codice\\src\\view\\LogIn.vue": {"path":"C:\\Users\\margh\\Desktop\\front-end-vue\\codice\\src\\view\\LogIn.vue","statementMap":{"0":{"start":{"line":82,"column":0},"end":{"line":82,"column":null}},"1":{"start":{"line":90,"column":0},"end":{"line":90,"column":null}},"2":{"start":{"line":104,"column":0},"end":{"line":104,"column":null}},"3":{"start":{"line":106,"column":0},"end":{"line":106,"column":null}},"4":{"start":{"line":107,"column":0},"end":{"line":107,"column":null}},"5":{"start":{"line":113,"column":0},"end":{"line":113,"column":null}},"6":{"start":{"line":114,"column":0},"end":{"line":114,"column":null}},"7":{"start":{"line":122,"column":0},"end":{"line":122,"column":null}},"8":{"start":{"line":128,"column":0},"end":{"line":128,"column":null}},"9":{"start":{"line":129,"column":0},"end":{"line":129,"column":null}}},"fnMap":{"0":{"name":"(anonymous_1)","decl":{"start":{"line":89,"column":0},"end":{"line":89,"column":null}},"loc":{"start":{"line":89,"column":0},"end":{"line":118,"column":null}}},"1":{"name":"(anonymous_2)","decl":{"start":{"line":104,"column":0},"end":{"line":104,"column":null}},"loc":{"start":{"line":104,"column":0},"end":{"line":104,"column":null}}},"2":{"name":"(anonymous_3)","decl":{"start":{"line":105,"column":0},"end":{"line":105,"column":null}},"loc":{"start":{"line":105,"column":0},"end":{"line":111,"column":null}}},"3":{"name":"(anonymous_4)","decl":{"start":{"line":112,"column":0},"end":{"line":112,"column":null}},"loc":{"start":{"line":112,"column":0},"end":{"line":115,"column":null}}},"4":{"name":"(anonymous_5)","decl":{"start":{"line":121,"column":0},"end":{"line":121,"column":null}},"loc":{"start":{"line":121,"column":0},"end":{"line":123,"column":null}}},"5":{"name":"(anonymous_6)","decl":{"start":{"line":127,"column":0},"end":{"line":127,"column":null}},"loc":{"start":{"line":127,"column":0},"end":{"line":131,"column":null}}}},"branchMap":{"0":{"loc":{"start":{"line":104,"column":0},"end":{"line":104,"column":null}},"type":"binary-expr","locations":[{"start":{"line":104,"column":0},"end":{"line":104,"column":null}},{"start":{"line":104,"column":0},"end":{"line":104,"column":null}}]},"1":{"loc":{"start":{"line":107,"column":0},"end":{"line":107,"column":null}},"type":"binary-expr","locations":[{"start":{"line":107,"column":0},"end":{"line":107,"column":null}},{"start":{"line":107,"column":0},"end":{"line":107,"column":null}}]},"2":{"loc":{"start":{"line":114,"column":0},"end":{"line":114,"column":null}},"type":"binary-expr","locations":[{"start":{"line":114,"column":0},"end":{"line":114,"column":null}},{"start":{"line":114,"column":0},"end":{"line":114,"column":null}}]},"3":{"loc":{"start":{"line":129,"column":0},"end":{"line":129,"column":null}},"type":"if","locations":[{"start":{"line":129,"column":0},"end":{"line":129,"column":null}},{"start":{"line":129,"column":0},"end":{"line":129,"column":null}}]}},"s":{"0":1,"1":0,"2":0,"3":0,"4":0,"5":0,"6":0,"7":0,"8":0,"9":0},"f":{"0":0,"1":0,"2":0,"3":0,"4":0,"5":0},"b":{"0":[0,0],"1":[0,0],"2":[0,0],"3":[0,0]}}
,"C:\\Users\\margh\\Desktop\\front-end-vue\\codice\\src\\view\\Particle.vue": {"path":"C:\\Users\\margh\\Desktop\\front-end-vue\\codice\\src\\view\\Particle.vue","statementMap":{"0":{"start":{"line":19,"column":0},"end":{"line":19,"column":null}},"1":{"start":{"line":22,"column":0},"end":{"line":22,"column":null}},"2":{"start":{"line":23,"column":0},"end":{"line":23,"column":null}},"3":{"start":{"line":24,"column":0},"end":{"line":24,"column":null}},"4":{"start":{"line":27,"column":0},"end":{"line":27,"column":null}},"5":{"start":{"line":28,"column":0},"end":{"line":28,"column":null}},"6":{"start":{"line":30,"column":0},"end":{"line":30,"column":null}},"7":{"start":{"line":33,"column":0},"end":{"line":33,"column":null}},"8":{"start":{"line":44,"column":0},"end":{"line":44,"column":null}},"9":{"start":{"line":47,"column":0},"end":{"line":47,"column":null}}},"fnMap":{"0":{"name":"(anonymous_1)","decl":{"start":{"line":16,"column":0},"end":{"line":16,"column":null}},"loc":{"start":{"line":16,"column":0},"end":{"line":40,"column":null}}},"1":{"name":"(anonymous_2)","decl":{"start":{"line":33,"column":0},"end":{"line":33,"column":null}},"loc":{"start":{"line":33,"column":0},"end":{"line":33,"column":null}}},"2":{"name":"(anonymous_5)","decl":{"start":{"line":41,"column":0},"end":{"line":41,"column":null}},"loc":{"start":{"line":41,"column":0},"end":{"line":49,"column":null}}}},"branchMap":{},"s":{"0":0,"1":0,"2":0,"3":0,"4":0,"5":0,"6":0,"7":0,"8":0,"9":0},"f":{"0":0,"1":0,"2":0},"b":{}}
,"C:\\Users\\margh\\Desktop\\front-end-vue\\codice\\src\\view\\SignUp.vue": {"path":"C:\\Users\\margh\\Desktop\\front-end-vue\\codice\\src\\view\\SignUp.vue","statementMap":{"0":{"start":{"line":137,"column":0},"end":{"line":137,"column":null}},"1":{"start":{"line":145,"column":0},"end":{"line":145,"column":null}},"2":{"start":{"line":167,"column":0},"end":{"line":167,"column":null}},"3":{"start":{"line":169,"column":0},"end":{"line":169,"column":null}},"4":{"start":{"line":170,"column":0},"end":{"line":170,"column":null}},"5":{"start":{"line":175,"column":0},"end":{"line":175,"column":null}},"6":{"start":{"line":178,"column":0},"end":{"line":178,"column":null}},"7":{"start":{"line":179,"column":0},"end":{"line":179,"column":null}},"8":{"start":{"line":182,"column":0},"end":{"line":182,"column":null}},"9":{"start":{"line":183,"column":0},"end":{"line":183,"column":null}},"10":{"start":{"line":186,"column":0},"end":{"line":186,"column":null}},"11":{"start":{"line":187,"column":0},"end":{"line":187,"column":null}},"12":{"start":{"line":188,"column":0},"end":{"line":188,"column":null}},"13":{"start":{"line":196,"column":0},"end":{"line":196,"column":null}},"14":{"start":{"line":202,"column":0},"end":{"line":202,"column":null}},"15":{"start":{"line":203,"column":0},"end":{"line":203,"column":null}},"16":{"start":{"line":207,"column":0},"end":{"line":207,"column":null}}},"fnMap":{"0":{"name":"(anonymous_1)","decl":{"start":{"line":144,"column":0},"end":{"line":144,"column":null}},"loc":{"start":{"line":144,"column":0},"end":{"line":192,"column":null}}},"1":{"name":"(anonymous_2)","decl":{"start":{"line":167,"column":0},"end":{"line":167,"column":null}},"loc":{"start":{"line":167,"column":0},"end":{"line":167,"column":null}}},"2":{"name":"(anonymous_3)","decl":{"start":{"line":168,"column":0},"end":{"line":168,"column":null}},"loc":{"start":{"line":168,"column":0},"end":{"line":174,"column":null}}},"3":{"name":"(anonymous_4)","decl":{"start":{"line":175,"column":0},"end":{"line":175,"column":null}},"loc":{"start":{"line":175,"column":0},"end":{"line":175,"column":null}}},"4":{"name":"(anonymous_5)","decl":{"start":{"line":177,"column":0},"end":{"line":177,"column":null}},"loc":{"start":{"line":177,"column":0},"end":{"line":180,"column":null}}},"5":{"name":"(anonymous_6)","decl":{"start":{"line":181,"column":0},"end":{"line":181,"column":null}},"loc":{"start":{"line":181,"column":0},"end":{"line":184,"column":null}}},"6":{"name":"(anonymous_7)","decl":{"start":{"line":185,"column":0},"end":{"line":185,"column":null}},"loc":{"start":{"line":185,"column":0},"end":{"line":189,"column":null}}},"7":{"name":"(anonymous_8)","decl":{"start":{"line":195,"column":0},"end":{"line":195,"column":null}},"loc":{"start":{"line":195,"column":0},"end":{"line":197,"column":null}}},"8":{"name":"(anonymous_9)","decl":{"start":{"line":201,"column":0},"end":{"line":201,"column":null}},"loc":{"start":{"line":201,"column":0},"end":{"line":205,"column":null}}},"9":{"name":"(anonymous_10)","decl":{"start":{"line":206,"column":0},"end":{"line":206,"column":null}},"loc":{"start":{"line":206,"column":0},"end":{"line":208,"column":null}}}},"branchMap":{"0":{"loc":{"start":{"line":167,"column":0},"end":{"line":167,"column":null}},"type":"binary-expr","locations":[{"start":{"line":167,"column":0},"end":{"line":167,"column":null}},{"start":{"line":167,"column":0},"end":{"line":167,"column":null}}]},"1":{"loc":{"start":{"line":170,"column":0},"end":{"line":170,"column":null}},"type":"binary-expr","locations":[{"start":{"line":170,"column":0},"end":{"line":170,"column":null}},{"start":{"line":170,"column":0},"end":{"line":170,"column":null}}]},"2":{"loc":{"start":{"line":175,"column":0},"end":{"line":175,"column":null}},"type":"binary-expr","locations":[{"start":{"line":175,"column":0},"end":{"line":175,"column":null}},{"start":{"line":175,"column":0},"end":{"line":175,"column":null}}]},"3":{"loc":{"start":{"line":179,"column":0},"end":{"line":179,"column":null}},"type":"binary-expr","locations":[{"start":{"line":179,"column":0},"end":{"line":179,"column":null}},{"start":{"line":179,"column":0},"end":{"line":179,"column":null}}]},"4":{"loc":{"start":{"line":183,"column":0},"end":{"line":183,"column":null}},"type":"binary-expr","locations":[{"start":{"line":183,"column":0},"end":{"line":183,"column":null}},{"start":{"line":183,"column":0},"end":{"line":183,"column":null}}]},"5":{"loc":{"start":{"line":188,"column":0},"end":{"line":188,"column":null}},"type":"binary-expr","locations":[{"start":{"line":188,"column":0},"end":{"line":188,"column":null}},{"start":{"line":188,"column":0},"end":{"line":188,"column":null}}]},"6":{"loc":{"start":{"line":203,"column":0},"end":{"line":203,"column":null}},"type":"if","locations":[{"start":{"line":203,"column":0},"end":{"line":203,"column":null}},{"start":{"line":203,"column":0},"end":{"line":203,"column":null}}]}},"s":{"0":1,"1":0,"2":0,"3":0,"4":0,"5":0,"6":0,"7":0,"8":0,"9":0,"10":0,"11":0,"12":0,"13":0,"14":0,"15":0,"16":0},"f":{"0":0,"1":0,"2":0,"3":0,"4":0,"5":0,"6":0,"7":0,"8":0,"9":0},"b":{"0":[0,0],"1":[0,0],"2":[0,0],"3":[0,0],"4":[0,0],"5":[0,0],"6":[0,0]}}
,"C:\\Users\\margh\\Desktop\\front-end-vue\\codice\\src\\view\\UploadOpera.vue": {"path":"C:\\Users\\margh\\Desktop\\front-end-vue\\codice\\src\\view\\UploadOpera.vue","statementMap":{"0":{"start":{"line":145,"column":0},"end":{"line":145,"column":null}},"1":{"start":{"line":152,"column":0},"end":{"line":152,"column":null}},"2":{"start":{"line":175,"column":0},"end":{"line":175,"column":null}},"3":{"start":{"line":187,"column":0},"end":{"line":187,"column":null}},"4":{"start":{"line":192,"column":0},"end":{"line":192,"column":null}},"5":{"start":{"line":197,"column":0},"end":{"line":197,"column":null}},"6":{"start":{"line":201,"column":0},"end":{"line":201,"column":null}},"7":{"start":{"line":205,"column":0},"end":{"line":205,"column":null}},"8":{"start":{"line":206,"column":0},"end":{"line":206,"column":null}},"9":{"start":{"line":207,"column":0},"end":{"line":207,"column":null}},"10":{"start":{"line":208,"column":0},"end":{"line":208,"column":null}},"11":{"start":{"line":209,"column":0},"end":{"line":209,"column":null}},"12":{"start":{"line":210,"column":0},"end":{"line":210,"column":null}},"13":{"start":{"line":214,"column":0},"end":{"line":214,"column":null}},"14":{"start":{"line":215,"column":0},"end":{"line":233,"column":null}},"15":{"start":{"line":216,"column":0},"end":{"line":216,"column":null}},"16":{"start":{"line":217,"column":0},"end":{"line":217,"column":null}},"17":{"start":{"line":219,"column":0},"end":{"line":232,"column":null}},"18":{"start":{"line":220,"column":0},"end":{"line":220,"column":null}},"19":{"start":{"line":221,"column":0},"end":{"line":221,"column":null}},"20":{"start":{"line":222,"column":0},"end":{"line":222,"column":null}},"21":{"start":{"line":223,"column":0},"end":{"line":232,"column":null}},"22":{"start":{"line":224,"column":0},"end":{"line":224,"column":null}},"23":{"start":{"line":225,"column":0},"end":{"line":225,"column":null}},"24":{"start":{"line":226,"column":0},"end":{"line":232,"column":null}},"25":{"start":{"line":227,"column":0},"end":{"line":227,"column":null}},"26":{"start":{"line":228,"column":0},"end":{"line":228,"column":null}},"27":{"start":{"line":230,"column":0},"end":{"line":230,"column":null}},"28":{"start":{"line":231,"column":0},"end":{"line":231,"column":null}}},"fnMap":{"0":{"name":"(anonymous_1)","decl":{"start":{"line":151,"column":0},"end":{"line":151,"column":null}},"loc":{"start":{"line":151,"column":0},"end":{"line":183,"column":null}}},"1":{"name":"(anonymous_2)","decl":{"start":{"line":175,"column":0},"end":{"line":175,"column":null}},"loc":{"start":{"line":175,"column":0},"end":{"line":175,"column":null}}},"2":{"name":"(anonymous_3)","decl":{"start":{"line":186,"column":0},"end":{"line":186,"column":null}},"loc":{"start":{"line":186,"column":0},"end":{"line":188,"column":null}}},"3":{"name":"(anonymous_4)","decl":{"start":{"line":191,"column":0},"end":{"line":191,"column":null}},"loc":{"start":{"line":191,"column":0},"end":{"line":193,"column":null}}},"4":{"name":"(anonymous_5)","decl":{"start":{"line":196,"column":0},"end":{"line":196,"column":null}},"loc":{"start":{"line":196,"column":0},"end":{"line":198,"column":null}}},"5":{"name":"(anonymous_6)","decl":{"start":{"line":200,"column":0},"end":{"line":200,"column":null}},"loc":{"start":{"line":200,"column":0},"end":{"line":212,"column":null}}},"6":{"name":"(anonymous_7)","decl":{"start":{"line":213,"column":0},"end":{"line":213,"column":null}},"loc":{"start":{"line":213,"column":0},"end":{"line":234,"column":null}}}},"branchMap":{"0":{"loc":{"start":{"line":175,"column":0},"end":{"line":175,"column":null}},"type":"binary-expr","locations":[{"start":{"line":175,"column":0},"end":{"line":175,"column":null}},{"start":{"line":175,"column":0},"end":{"line":175,"column":null}}]},"1":{"loc":{"start":{"line":201,"column":0},"end":{"line":201,"column":null}},"type":"if","locations":[{"start":{"line":201,"column":0},"end":{"line":201,"column":null}},{"start":{"line":201,"column":0},"end":{"line":201,"column":null}}]},"2":{"loc":{"start":{"line":210,"column":0},"end":{"line":210,"column":null}},"type":"if","locations":[{"start":{"line":210,"column":0},"end":{"line":210,"column":null}},{"start":{"line":210,"column":0},"end":{"line":210,"column":null}}]},"3":{"loc":{"start":{"line":215,"column":0},"end":{"line":233,"column":null}},"type":"if","locations":[{"start":{"line":215,"column":0},"end":{"line":233,"column":null}},{"start":{"line":215,"column":0},"end":{"line":233,"column":null}}]},"4":{"loc":{"start":{"line":219,"column":0},"end":{"line":232,"column":null}},"type":"if","locations":[{"start":{"line":219,"column":0},"end":{"line":232,"column":null}},{"start":{"line":219,"column":0},"end":{"line":232,"column":null}}]},"5":{"loc":{"start":{"line":223,"column":0},"end":{"line":232,"column":null}},"type":"if","locations":[{"start":{"line":223,"column":0},"end":{"line":232,"column":null}},{"start":{"line":223,"column":0},"end":{"line":232,"column":null}}]},"6":{"loc":{"start":{"line":226,"column":0},"end":{"line":232,"column":null}},"type":"if","locations":[{"start":{"line":226,"column":0},"end":{"line":232,"column":null}},{"start":{"line":226,"column":0},"end":{"line":232,"column":null}}]}},"s":{"0":1,"1":0,"2":0,"3":0,"4":0,"5":0,"6":0,"7":0,"8":0,"9":0,"10":0,"11":0,"12":0,"13":0,"14":0,"15":0,"16":0,"17":0,"18":0,"19":0,"20":0,"21":0,"22":0,"23":0,"24":0,"25":0,"26":0,"27":0,"28":0},"f":{"0":0,"1":0,"2":0,"3":0,"4":0,"5":0,"6":0},"b":{"0":[0,0],"1":[0,0],"2":[0,0],"3":[0,0],"4":[0,0],"5":[0,0],"6":[0,0]}}
,"C:\\Users\\margh\\Desktop\\front-end-vue\\codice\\src\\view\\UserPage.vue": {"path":"C:\\Users\\margh\\Desktop\\front-end-vue\\codice\\src\\view\\UserPage.vue","statementMap":{"0":{"start":{"line":64,"column":0},"end":{"line":64,"column":null}},"1":{"start":{"line":65,"column":0},"end":{"line":65,"column":null}},"2":{"start":{"line":66,"column":0},"end":{"line":66,"column":null}},"3":{"start":{"line":76,"column":0},"end":{"line":76,"column":null}},"4":{"start":{"line":87,"column":0},"end":{"line":87,"column":null}}},"fnMap":{"0":{"name":"(anonymous_1)","decl":{"start":{"line":75,"column":0},"end":{"line":75,"column":null}},"loc":{"start":{"line":75,"column":0},"end":{"line":83,"column":null}}},"1":{"name":"(anonymous_2)","decl":{"start":{"line":86,"column":0},"end":{"line":86,"column":null}},"loc":{"start":{"line":86,"column":0},"end":{"line":88,"column":null}}}},"branchMap":{},"s":{"0":1,"1":1,"2":1,"3":0,"4":0},"f":{"0":0,"1":0},"b":{}}
,"C:\\Users\\margh\\Desktop\\front-end-vue\\codice\\src\\view\\operasList.vue": {"path":"C:\\Users\\margh\\Desktop\\front-end-vue\\codice\\src\\view\\operasList.vue","statementMap":{"0":{"start":{"line":43,"column":0},"end":{"line":43,"column":null}},"1":{"start":{"line":44,"column":0},"end":{"line":44,"column":null}},"2":{"start":{"line":52,"column":0},"end":{"line":52,"column":null}},"3":{"start":{"line":76,"column":0},"end":{"line":76,"column":null}},"4":{"start":{"line":81,"column":0},"end":{"line":81,"column":null}},"5":{"start":{"line":82,"column":0},"end":{"line":82,"column":null}},"6":{"start":{"line":83,"column":0},"end":{"line":83,"column":null}},"7":{"start":{"line":84,"column":0},"end":{"line":84,"column":null}},"8":{"start":{"line":85,"column":0},"end":{"line":85,"column":null}},"9":{"start":{"line":91,"column":0},"end":{"line":99,"column":null}},"10":{"start":{"line":92,"column":0},"end":{"line":92,"column":null}},"11":{"start":{"line":93,"column":0},"end":{"line":99,"column":null}},"12":{"start":{"line":94,"column":0},"end":{"line":94,"column":null}},"13":{"start":{"line":95,"column":0},"end":{"line":99,"column":null}},"14":{"start":{"line":96,"column":0},"end":{"line":96,"column":null}},"15":{"start":{"line":98,"column":0},"end":{"line":98,"column":null}},"16":{"start":{"line":103,"column":0},"end":{"line":103,"column":null}}},"fnMap":{"0":{"name":"(anonymous_1)","decl":{"start":{"line":51,"column":0},"end":{"line":51,"column":null}},"loc":{"start":{"line":51,"column":0},"end":{"line":72,"column":null}}},"1":{"name":"(anonymous_2)","decl":{"start":{"line":75,"column":0},"end":{"line":75,"column":null}},"loc":{"start":{"line":75,"column":0},"end":{"line":77,"column":null}}},"2":{"name":"(anonymous_3)","decl":{"start":{"line":80,"column":0},"end":{"line":80,"column":null}},"loc":{"start":{"line":80,"column":0},"end":{"line":86,"column":null}}},"3":{"name":"(anonymous_4)","decl":{"start":{"line":90,"column":0},"end":{"line":90,"column":null}},"loc":{"start":{"line":90,"column":0},"end":{"line":100,"column":null}}},"4":{"name":"(anonymous_5)","decl":{"start":{"line":102,"column":0},"end":{"line":102,"column":null}},"loc":{"start":{"line":102,"column":0},"end":{"line":104,"column":null}}}},"branchMap":{"0":{"loc":{"start":{"line":91,"column":0},"end":{"line":99,"column":null}},"type":"if","locations":[{"start":{"line":91,"column":0},"end":{"line":99,"column":null}},{"start":{"line":91,"column":0},"end":{"line":99,"column":null}}]},"1":{"loc":{"start":{"line":93,"column":0},"end":{"line":99,"column":null}},"type":"if","locations":[{"start":{"line":93,"column":0},"end":{"line":99,"column":null}},{"start":{"line":93,"column":0},"end":{"line":99,"column":null}}]},"2":{"loc":{"start":{"line":95,"column":0},"end":{"line":99,"column":null}},"type":"if","locations":[{"start":{"line":95,"column":0},"end":{"line":99,"column":null}},{"start":{"line":95,"column":0},"end":{"line":99,"column":null}}]}},"s":{"0":1,"1":1,"2":0,"3":0,"4":0,"5":0,"6":0,"7":0,"8":0,"9":0,"10":0,"11":0,"12":0,"13":0,"14":0,"15":0,"16":0},"f":{"0":0,"1":0,"2":0,"3":0,"4":0},"b":{"0":[0,0],"1":[0,0],"2":[0,0]}}
}
