TN:
SF:C:\Users\margh\Desktop\front-end-vue\codice\src\App.vue
FN:19,(anonymous_1)
FNF:1
FNH:0
FNDA:0,(anonymous_1)
DA:11,0
DA:20,0
LF:2
LH:0
BRF:0
BRH:0
end_of_record
TN:
SF:C:\Users\margh\Desktop\front-end-vue\codice\src\components\Navbar.vue
FN:74,(anonymous_1)
FN:87,(anonymous_2)
FN:92,(anonymous_3)
FN:98,(anonymous_4)
FNF:4
FNH:0
FNDA:0,(anonymous_1)
FNDA:0,(anonymous_2)
FNDA:0,(anonymous_3)
FNDA:0,(anonymous_4)
DA:72,0
DA:75,0
DA:88,0
DA:93,0
DA:99,0
DA:100,0
LF:6
LH:0
BRDA:100,0,0,0
BRDA:100,0,1,0
BRF:2
BRH:0
end_of_record
TN:
SF:C:\Users\margh\Desktop\front-end-vue\codice\src\components\ShowOpera.vue
FN:133,(anonymous_1)
FN:148,(anonymous_2)
FNF:2
FNH:0
FNDA:0,(anonymous_1)
FNDA:0,(anonymous_2)
DA:134,0
DA:149,0
DA:150,0
DA:151,0
DA:152,0
DA:153,0
DA:154,0
DA:156,0
LF:8
LH:0
BRDA:149,0,0,0
BRDA:149,0,1,0
BRDA:151,1,0,0
BRDA:151,1,1,0
BRDA:153,2,0,0
BRDA:153,2,1,0
BRF:6
BRH:0
end_of_record
TN:
SF:C:\Users\margh\Desktop\front-end-vue\codice\src\components\ViewOperaHome.vue
FN:102,(anonymous_1)
FN:117,(anonymous_2)
FNF:2
FNH:0
FNDA:0,(anonymous_1)
FNDA:0,(anonymous_2)
DA:103,0
DA:118,0
DA:119,0
DA:120,0
DA:121,0
DA:122,0
DA:123,0
DA:125,0
LF:8
LH:0
BRDA:118,0,0,0
BRDA:118,0,1,0
BRDA:120,1,0,0
BRDA:120,1,1,0
BRDA:122,2,0,0
BRDA:122,2,1,0
BRF:6
BRH:0
end_of_record
TN:
SF:C:\Users\margh\Desktop\front-end-vue\codice\src\components\editOpera.vue
FN:80,(anonymous_1)
FN:86,(anonymous_2)
FN:92,(anonymous_3)
FN:97,(anonymous_4)
FN:102,(anonymous_5)
FN:111,(anonymous_6)
FNF:6
FNH:0
FNDA:0,(anonymous_1)
FNDA:0,(anonymous_2)
FNDA:0,(anonymous_3)
FNDA:0,(anonymous_4)
FNDA:0,(anonymous_5)
FNDA:0,(anonymous_6)
DA:81,0
DA:86,0
DA:93,0
DA:98,0
DA:103,0
DA:104,0
DA:108,0
DA:112,0
DA:118,0
DA:119,0
DA:120,0
DA:122,0
LF:12
LH:0
BRDA:86,0,0,0
BRDA:86,0,1,0
BRDA:104,1,0,0
BRDA:104,1,1,0
BRDA:112,2,0,0
BRDA:112,2,1,0
BRDA:119,3,0,0
BRDA:119,3,1,0
BRF:8
BRH:0
end_of_record
TN:
SF:C:\Users\margh\Desktop\front-end-vue\codice\src\components\editUserData.vue
FN:105,(anonymous_1)
FN:125,(anonymous_2)
FN:126,(anonymous_3)
FN:138,(anonymous_4)
FN:144,(anonymous_5)
FN:152,(anonymous_6)
FNF:6
FNH:2
FNDA:1,(anonymous_1)
FNDA:0,(anonymous_2)
FNDA:0,(anonymous_3)
FNDA:1,(anonymous_4)
FNDA:0,(anonymous_5)
FNDA:0,(anonymous_6)
DA:106,1
DA:125,0
DA:127,0
DA:128,0
DA:139,1
DA:145,0
DA:146,0
DA:147,0
DA:149,0
DA:153,0
LF:10
LH:2
BRDA:125,0,0,0
BRDA:125,0,1,0
BRDA:128,1,0,0
BRDA:128,1,1,0
BRDA:146,2,0,0
BRDA:146,2,1,0
BRF:6
BRH:0
end_of_record
TN:
SF:C:\Users\margh\Desktop\front-end-vue\codice\src\components\editUserPassword.vue
FN:69,(anonymous_1)
FN:83,(anonymous_2)
FN:84,(anonymous_3)
FN:96,(anonymous_4)
FN:102,(anonymous_5)
FNF:5
FNH:0
FNDA:0,(anonymous_1)
FNDA:0,(anonymous_2)
FNDA:0,(anonymous_3)
FNDA:0,(anonymous_4)
FNDA:0,(anonymous_5)
DA:70,0
DA:83,0
DA:85,0
DA:86,0
DA:97,0
DA:103,0
DA:104,0
DA:105,0
DA:107,0
LF:9
LH:0
BRDA:83,0,0,0
BRDA:83,0,1,0
BRDA:86,1,0,0
BRDA:86,1,1,0
BRDA:104,2,0,0
BRDA:104,2,1,0
BRF:6
BRH:0
end_of_record
TN:
SF:C:\Users\margh\Desktop\front-end-vue\codice\src\plugins\vuetify.js
FNF:0
FNH:0
DA:4,0
LF:1
LH:0
BRF:0
BRH:0
end_of_record
TN:
SF:C:\Users\margh\Desktop\front-end-vue\codice\src\router\router.js
FNF:0
FNH:0
DA:9,1
DA:11,1
DA:39,1
LF:3
LH:3
BRF:0
BRH:0
end_of_record
TN:
SF:C:\Users\margh\Desktop\front-end-vue\codice\src\store\index.js
FNF:0
FNH:0
DA:7,1
DA:11,1
LF:2
LH:2
BRF:0
BRH:0
end_of_record
TN:
SF:C:\Users\margh\Desktop\front-end-vue\codice\src\store\modules\currentUser.js
FN:14,(anonymous_0)
FN:20,(anonymous_1)
FN:26,(anonymous_2)
FN:30,(anonymous_3)
FN:34,(anonymous_4)
FN:44,(anonymous_5)
FN:50,(anonymous_6)
FN:54,(anonymous_7)
FN:66,(anonymous_8)
FN:69,(anonymous_9)
FN:73,(anonymous_10)
FN:78,(anonymous_11)
FN:84,(anonymous_12)
FN:94,(anonymous_13)
FN:103,(anonymous_14)
FN:115,(anonymous_15)
FN:118,(anonymous_16)
FN:121,(anonymous_17)
FN:127,(anonymous_18)
FN:130,(anonymous_19)
FN:133,(anonymous_20)
FN:136,(anonymous_21)
FN:139,(anonymous_22)
FNF:23
FNH:2
FNDA:0,(anonymous_0)
FNDA:0,(anonymous_1)
FNDA:0,(anonymous_2)
FNDA:0,(anonymous_3)
FNDA:0,(anonymous_4)
FNDA:0,(anonymous_5)
FNDA:0,(anonymous_6)
FNDA:0,(anonymous_7)
FNDA:0,(anonymous_8)
FNDA:0,(anonymous_9)
FNDA:0,(anonymous_10)
FNDA:0,(anonymous_11)
FNDA:0,(anonymous_12)
FNDA:0,(anonymous_13)
FNDA:0,(anonymous_14)
FNDA:0,(anonymous_15)
FNDA:0,(anonymous_16)
FNDA:0,(anonymous_17)
FNDA:0,(anonymous_18)
FNDA:0,(anonymous_19)
FNDA:1,(anonymous_20)
FNDA:0,(anonymous_21)
FNDA:1,(anonymous_22)
DA:4,1
DA:5,1
DA:7,1
DA:13,1
DA:15,0
DA:21,0
DA:22,0
DA:23,0
DA:24,0
DA:27,0
DA:31,0
DA:32,0
DA:35,0
DA:45,0
DA:46,0
DA:47,0
DA:48,0
DA:51,0
DA:55,0
DA:56,0
DA:57,0
DA:67,0
DA:68,0
DA:70,0
DA:74,0
DA:79,0
DA:83,1
DA:85,0
DA:86,0
DA:88,0
DA:89,0
DA:90,0
DA:91,0
DA:95,0
DA:96,0
DA:98,0
DA:99,0
DA:104,0
DA:105,0
DA:107,0
DA:108,0
DA:110,0
DA:111,0
DA:116,0
DA:119,0
DA:122,0
DA:123,0
DA:126,1
DA:128,0
DA:131,0
DA:134,1
DA:137,0
DA:140,1
LF:53
LH:8
BRDA:85,0,0,0
BRDA:85,0,1,0
BRDA:88,1,0,0
BRDA:88,1,1,0
BRDA:90,2,0,0
BRDA:90,2,1,0
BRDA:95,3,0,0
BRDA:95,3,1,0
BRDA:98,4,0,0
BRDA:98,4,1,0
BRDA:104,5,0,0
BRDA:104,5,1,0
BRDA:107,6,0,0
BRDA:107,6,1,0
BRDA:110,7,0,0
BRDA:110,7,1,0
BRF:16
BRH:0
end_of_record
TN:
SF:C:\Users\margh\Desktop\front-end-vue\codice\src\store\modules\nftService.js
FN:16,(anonymous_0)
FN:19,(anonymous_1)
FN:23,(anonymous_2)
FN:24,(anonymous_3)
FN:28,(anonymous_4)
FN:29,(anonymous_5)
FN:33,(anonymous_6)
FN:38,(anonymous_7)
FN:42,(anonymous_8)
FN:46,(anonymous_9)
FN:62,(anonymous_10)
FN:65,(anonymous_11)
FN:71,(anonymous_12)
FN:74,(anonymous_13)
FN:77,(anonymous_14)
FN:80,(anonymous_15)
FN:83,(anonymous_16)
FN:92,(anonymous_17)
FN:95,(anonymous_18)
FN:98,(anonymous_19)
FN:101,(anonymous_20)
FN:104,(anonymous_21)
FNF:22
FNH:0
FNDA:0,(anonymous_0)
FNDA:0,(anonymous_1)
FNDA:0,(anonymous_2)
FNDA:0,(anonymous_3)
FNDA:0,(anonymous_4)
FNDA:0,(anonymous_5)
FNDA:0,(anonymous_6)
FNDA:0,(anonymous_7)
FNDA:0,(anonymous_8)
FNDA:0,(anonymous_9)
FNDA:0,(anonymous_10)
FNDA:0,(anonymous_11)
FNDA:0,(anonymous_12)
FNDA:0,(anonymous_13)
FNDA:0,(anonymous_14)
FNDA:0,(anonymous_15)
FNDA:0,(anonymous_16)
FNDA:0,(anonymous_17)
FNDA:0,(anonymous_18)
FNDA:0,(anonymous_19)
FNDA:0,(anonymous_20)
FNDA:0,(anonymous_21)
DA:4,1
DA:5,1
DA:6,1
DA:8,1
DA:15,1
DA:18,0
DA:19,0
DA:20,0
DA:24,0
DA:25,0
DA:29,0
DA:30,0
DA:35,0
DA:36,0
DA:39,0
DA:40,0
DA:43,0
DA:48,0
DA:49,0
DA:63,0
DA:66,0
DA:70,1
DA:72,0
DA:75,0
DA:78,0
DA:81,0
DA:84,0
DA:85,0
DA:86,0
DA:87,0
DA:91,1
DA:93,0
DA:96,0
DA:99,0
DA:102,0
DA:105,0
LF:36
LH:7
BRDA:84,0,0,0
BRDA:84,0,1,0
BRDA:86,1,0,0
BRDA:86,1,1,0
BRF:4
BRH:0
end_of_record
TN:
SF:C:\Users\margh\Desktop\front-end-vue\codice\src\view\Home.vue
FN:97,(anonymous_1)
FN:117,(anonymous_2)
FN:122,(anonymous_3)
FN:127,(anonymous_4)
FN:154,(anonymous_5)
FN:166,(anonymous_6)
FNF:6
FNH:0
FNDA:0,(anonymous_1)
FNDA:0,(anonymous_2)
FNDA:0,(anonymous_3)
FNDA:0,(anonymous_4)
FNDA:0,(anonymous_5)
FNDA:0,(anonymous_6)
DA:91,1
DA:98,0
DA:118,0
DA:123,0
DA:128,0
DA:129,0
DA:130,0
DA:131,0
DA:132,0
DA:133,0
DA:134,0
DA:135,0
DA:138,0
DA:144,0
DA:146,0
DA:147,0
DA:148,0
DA:149,0
DA:155,0
DA:156,0
DA:157,0
DA:158,0
DA:159,0
DA:160,0
DA:162,0
DA:167,0
DA:168,0
LF:27
LH:1
BRDA:131,0,0,0
BRDA:131,0,1,0
BRDA:135,1,0,0
BRDA:135,1,1,0
BRDA:155,2,0,0
BRDA:155,2,1,0
BRDA:157,3,0,0
BRDA:157,3,1,0
BRDA:159,4,0,0
BRDA:159,4,1,0
BRF:10
BRH:0
end_of_record
TN:
SF:C:\Users\margh\Desktop\front-end-vue\codice\src\view\LogIn.vue
FN:89,(anonymous_1)
FN:104,(anonymous_2)
FN:105,(anonymous_3)
FN:112,(anonymous_4)
FN:121,(anonymous_5)
FN:127,(anonymous_6)
FNF:6
FNH:0
FNDA:0,(anonymous_1)
FNDA:0,(anonymous_2)
FNDA:0,(anonymous_3)
FNDA:0,(anonymous_4)
FNDA:0,(anonymous_5)
FNDA:0,(anonymous_6)
DA:82,1
DA:90,0
DA:104,0
DA:106,0
DA:107,0
DA:113,0
DA:114,0
DA:122,0
DA:128,0
DA:129,0
LF:10
LH:1
BRDA:104,0,0,0
BRDA:104,0,1,0
BRDA:107,1,0,0
BRDA:107,1,1,0
BRDA:114,2,0,0
BRDA:114,2,1,0
BRDA:129,3,0,0
BRDA:129,3,1,0
BRF:8
BRH:0
end_of_record
TN:
SF:C:\Users\margh\Desktop\front-end-vue\codice\src\view\Particle.vue
FN:16,(anonymous_1)
FN:33,(anonymous_2)
FN:41,(anonymous_5)
FNF:3
FNH:0
FNDA:0,(anonymous_1)
FNDA:0,(anonymous_2)
FNDA:0,(anonymous_5)
DA:19,0
DA:22,0
DA:23,0
DA:24,0
DA:27,0
DA:28,0
DA:30,0
DA:33,0
DA:44,0
DA:47,0
LF:10
LH:0
BRF:0
BRH:0
end_of_record
TN:
SF:C:\Users\margh\Desktop\front-end-vue\codice\src\view\SignUp.vue
FN:144,(anonymous_1)
FN:167,(anonymous_2)
FN:168,(anonymous_3)
FN:175,(anonymous_4)
FN:177,(anonymous_5)
FN:181,(anonymous_6)
FN:185,(anonymous_7)
FN:195,(anonymous_8)
FN:201,(anonymous_9)
FN:206,(anonymous_10)
FNF:10
FNH:0
FNDA:0,(anonymous_1)
FNDA:0,(anonymous_2)
FNDA:0,(anonymous_3)
FNDA:0,(anonymous_4)
FNDA:0,(anonymous_5)
FNDA:0,(anonymous_6)
FNDA:0,(anonymous_7)
FNDA:0,(anonymous_8)
FNDA:0,(anonymous_9)
FNDA:0,(anonymous_10)
DA:137,1
DA:145,0
DA:167,0
DA:169,0
DA:170,0
DA:175,0
DA:178,0
DA:179,0
DA:182,0
DA:183,0
DA:186,0
DA:187,0
DA:188,0
DA:196,0
DA:202,0
DA:203,0
DA:207,0
LF:17
LH:1
BRDA:167,0,0,0
BRDA:167,0,1,0
BRDA:170,1,0,0
BRDA:170,1,1,0
BRDA:175,2,0,0
BRDA:175,2,1,0
BRDA:179,3,0,0
BRDA:179,3,1,0
BRDA:183,4,0,0
BRDA:183,4,1,0
BRDA:188,5,0,0
BRDA:188,5,1,0
BRDA:203,6,0,0
BRDA:203,6,1,0
BRF:14
BRH:0
end_of_record
TN:
SF:C:\Users\margh\Desktop\front-end-vue\codice\src\view\UploadOpera.vue
FN:151,(anonymous_1)
FN:175,(anonymous_2)
FN:186,(anonymous_3)
FN:191,(anonymous_4)
FN:196,(anonymous_5)
FN:200,(anonymous_6)
FN:213,(anonymous_7)
FNF:7
FNH:0
FNDA:0,(anonymous_1)
FNDA:0,(anonymous_2)
FNDA:0,(anonymous_3)
FNDA:0,(anonymous_4)
FNDA:0,(anonymous_5)
FNDA:0,(anonymous_6)
FNDA:0,(anonymous_7)
DA:145,1
DA:152,0
DA:175,0
DA:187,0
DA:192,0
DA:197,0
DA:201,0
DA:205,0
DA:206,0
DA:207,0
DA:208,0
DA:209,0
DA:210,0
DA:214,0
DA:215,0
DA:216,0
DA:217,0
DA:219,0
DA:220,0
DA:221,0
DA:222,0
DA:223,0
DA:224,0
DA:225,0
DA:226,0
DA:227,0
DA:228,0
DA:230,0
DA:231,0
LF:29
LH:1
BRDA:175,0,0,0
BRDA:175,0,1,0
BRDA:201,1,0,0
BRDA:201,1,1,0
BRDA:210,2,0,0
BRDA:210,2,1,0
BRDA:215,3,0,0
BRDA:215,3,1,0
BRDA:219,4,0,0
BRDA:219,4,1,0
BRDA:223,5,0,0
BRDA:223,5,1,0
BRDA:226,6,0,0
BRDA:226,6,1,0
BRF:14
BRH:0
end_of_record
TN:
SF:C:\Users\margh\Desktop\front-end-vue\codice\src\view\UserPage.vue
FN:75,(anonymous_1)
FN:86,(anonymous_2)
FNF:2
FNH:0
FNDA:0,(anonymous_1)
FNDA:0,(anonymous_2)
DA:64,1
DA:65,1
DA:66,1
DA:76,0
DA:87,0
LF:5
LH:3
BRF:0
BRH:0
end_of_record
TN:
SF:C:\Users\margh\Desktop\front-end-vue\codice\src\view\operasList.vue
FN:51,(anonymous_1)
FN:75,(anonymous_2)
FN:80,(anonymous_3)
FN:90,(anonymous_4)
FN:102,(anonymous_5)
FNF:5
FNH:0
FNDA:0,(anonymous_1)
FNDA:0,(anonymous_2)
FNDA:0,(anonymous_3)
FNDA:0,(anonymous_4)
FNDA:0,(anonymous_5)
DA:43,1
DA:44,1
DA:52,0
DA:76,0
DA:81,0
DA:82,0
DA:83,0
DA:84,0
DA:85,0
DA:91,0
DA:92,0
DA:93,0
DA:94,0
DA:95,0
DA:96,0
DA:98,0
DA:103,0
LF:17
LH:2
BRDA:91,0,0,0
BRDA:91,0,1,0
BRDA:93,1,0,0
BRDA:93,1,1,0
BRDA:95,2,0,0
BRDA:95,2,1,0
BRF:6
BRH:0
end_of_record
